execve("/usr/bin/echo", ["echo", "hello"], 0x7fff98776e18 /* 49 vars */) = 0
brk(NULL)                               = 0x55fe1dc3b000
mmap(NULL, 8192, PROT_READ|PROT_WRITE, MAP_PRIVATE|MAP_ANONYMOUS, -1, 0) = 0x7d3dd488c000
access("/etc/ld.so.preload", R_OK)      = -1 ENOENT (No such file or directory)
openat(AT_FDCWD, "/etc/ld.so.cache", O_RDONLY|O_CLOEXEC) = 3
fstat(3, {st_mode=S_IFREG|0644, st_size=57325, ...}) = 0
mmap(NULL, 57325, PROT_READ, MAP_PRIVATE, 3, 0) = 0x7d3dd487e000
close(3)                                = 0
openat(AT_FDCWD, "/lib/x86_64-linux-gnu/libc.so.6", O_RDONLY|O_CLOEXEC) = 3
read(3, "\177ELF\2\1\1\3\0\0\0\0\0\0\0\0\3\0>\0\1\0\0\0\200\245\2\0\0\0\0\0"..., 832) = 832
pread64(3, "\6\0\0\0\4\0\0\0@\0\0\0\0\0\0\0@\0\0\0\0\0\0\0@\0\0\0\0\0\0\0"..., 784, 64) = 784
fstat(3, {st_mode=S_IFREG|0755, st_size=2182672, ...}) = 0
pread64(3, "\6\0\0\0\4\0\0\0@\0\0\0\0\0\0\0@\0\0\0\0\0\0\0@\0\0\0\0\0\0\0"..., 784, 64) = 784
mmap(NULL, 2227672, PROT_READ, MAP_PRIVATE|MAP_DENYWRITE, 3, 0) = 0x7d3dd4600000
mmap(0x7d3dd4628000, 1662976, PROT_READ|PROT_EXEC, MAP_PRIVATE|MAP_FIXED|MAP_DENYWRITE, 3, 0x28000) = 0x7d3dd4628000
mmap(0x7d3dd47be000, 323584, PROT_READ, MAP_PRIVATE|MAP_FIXED|MAP_DENYWRITE, 3, 0x1be000) = 0x7d3dd47be000
mmap(0x7d3dd480d000, 24576, PROT_READ|PROT_WRITE, MAP_PRIVATE|MAP_FIXED|MAP_DENYWRITE, 3, 0x20c000) = 0x7d3dd480d000
mmap(0x7d3dd4813000, 52696, PROT_READ|PROT_WRITE, MAP_PRIVATE|MAP_FIXED|MAP_ANONYMOUS, -1, 0) = 0x7d3dd4813000
close(3)                                = 0
mmap(NULL, 12288, PROT_READ|PROT_WRITE, MAP_PRIVATE|MAP_ANONYMOUS, -1, 0) = 0x7d3dd487b000
arch_prctl(ARCH_SET_FS, 0x7d3dd487b740) = 0
set_tid_address(0x7d3dd487ba10)         = 3284
set_robust_list(0x7d3dd487ba20, 24)     = 0
rseq(0x7d3dd487c060, 0x20, 0, 0x53053053) = 0
mprotect(0x7d3dd480d000, 16384, PROT_READ) = 0
mprotect(0x55fe1cb97000, 4096, PROT_READ) = 0
mprotect(0x7d3dd48c6000, 8192, PROT_READ) = 0
prlimit64(0, RLIMIT_STACK, NULL, {rlim_cur=8192*1024, rlim_max=RLIM64_INFINITY}) = 0
munmap(0x7d3dd487e000, 57325)           = 0
getrandom("\x44\xc7\x1c\x0a\x8c\x1e\x35\x36", 8, GRND_NONBLOCK) = 8
brk(NULL)                               = 0x55fe1dc3b000
brk(0x55fe1dc5c000)                     = 0x55fe1dc5c000
openat(AT_FDCWD, "/usr/lib/locale/locale-archive", O_RDONLY|O_CLOEXEC) = 3
fstat(3, {st_mode=S_IFREG|0644, st_size=14596880, ...}) = 0
mmap(NULL, 14596880, PROT_READ, MAP_PRIVATE, 3, 0) = 0x7d3dd3800000
close(3)                                = 0
fstat(1, {st_mode=S_IFCHR|0620, st_rdev=makedev(0x88, 0), ...}) = 0
write(1, "hello\n", 6)                  = 6
close(1)                                = 0
close(2)                                = 0
exit_group(0)                           = ?
+++ exited with 0 +++
